<?xml version="1.0" encoding="UTF-8"?>
<!-- Generated by org.testng.reporters.JUnitReportReporter -->
<testsuite hostname="DESKTOP-3824BQ8" failures="0" tests="1" name="demotest.Login" time="10.880" errors="0" timestamp="2023-02-08T16:25:19 IST" skipped="0">
  <testcase classname="demotest.Login" name="logintest" time="10.880"/>
  <system-out/>
</testsuite> <!-- demotest.Login -->
